Determining if the pthread_create exist failed with the following output:
Change Dir: /home/student/catkin_ws/src/pathdriver/cmake-build-debug/CMakeFiles/CMakeTmp

Run Build Command:"/usr/bin/make" "cmTC_5cd3e/fast"
/usr/bin/make -f CMakeFiles/cmTC_5cd3e.dir/build.make CMakeFiles/cmTC_5cd3e.dir/build
make[1]: Entering directory '/home/student/catkin_ws/src/pathdriver/cmake-build-debug/CMakeFiles/CMakeTmp'
Building C object CMakeFiles/cmTC_5cd3e.dir/CheckSymbolExists.c.o
/usr/bin/cc    -o CMakeFiles/cmTC_5cd3e.dir/CheckSymbolExists.c.o   -c /home/student/catkin_ws/src/pathdriver/cmake-build-debug/CMakeFiles/CMakeTmp/CheckSymbolExists.c
Linking C executable cmTC_5cd3e
/opt/clion-2017.2.3/bin/cmake/bin/cmake -E cmake_link_script CMakeFiles/cmTC_5cd3e.dir/link.txt --verbose=1
/usr/bin/cc      -rdynamic CMakeFiles/cmTC_5cd3e.dir/CheckSymbolExists.c.o  -o cmTC_5cd3e 
CMakeFiles/cmTC_5cd3e.dir/CheckSymbolExists.c.o: In function `main':
CheckSymbolExists.c:(.text+0x16): undefined reference to `pthread_create'
collect2: error: ld returned 1 exit status
CMakeFiles/cmTC_5cd3e.dir/build.make:97: recipe for target 'cmTC_5cd3e' failed
make[1]: *** [cmTC_5cd3e] Error 1
make[1]: Leaving directory '/home/student/catkin_ws/src/pathdriver/cmake-build-debug/CMakeFiles/CMakeTmp'
Makefile:126: recipe for target 'cmTC_5cd3e/fast' failed
make: *** [cmTC_5cd3e/fast] Error 2

File /home/student/catkin_ws/src/pathdriver/cmake-build-debug/CMakeFiles/CMakeTmp/CheckSymbolExists.c:
/* */
#include <pthread.h>

int main(int argc, char** argv)
{
  (void)argv;
#ifndef pthread_create
  return ((int*)(&pthread_create))[argc];
#else
  (void)argc;
  return 0;
#endif
}

Determining if the function pthread_create exists in the pthreads failed with the following output:
Change Dir: /home/student/catkin_ws/src/pathdriver/cmake-build-debug/CMakeFiles/CMakeTmp

Run Build Command:"/usr/bin/make" "cmTC_ba0a6/fast"
/usr/bin/make -f CMakeFiles/cmTC_ba0a6.dir/build.make CMakeFiles/cmTC_ba0a6.dir/build
make[1]: Entering directory '/home/student/catkin_ws/src/pathdriver/cmake-build-debug/CMakeFiles/CMakeTmp'
Building C object CMakeFiles/cmTC_ba0a6.dir/CheckFunctionExists.c.o
/usr/bin/cc   -DCHECK_FUNCTION_EXISTS=pthread_create   -o CMakeFiles/cmTC_ba0a6.dir/CheckFunctionExists.c.o   -c /opt/clion-2017.2.3/bin/cmake/share/cmake-3.9/Modules/CheckFunctionExists.c
Linking C executable cmTC_ba0a6
/opt/clion-2017.2.3/bin/cmake/bin/cmake -E cmake_link_script CMakeFiles/cmTC_ba0a6.dir/link.txt --verbose=1
/usr/bin/cc  -DCHECK_FUNCTION_EXISTS=pthread_create    -rdynamic CMakeFiles/cmTC_ba0a6.dir/CheckFunctionExists.c.o  -o cmTC_ba0a6 -lpthreads 
/usr/bin/ld: cannot find -lpthreads
collect2: error: ld returned 1 exit status
CMakeFiles/cmTC_ba0a6.dir/build.make:97: recipe for target 'cmTC_ba0a6' failed
make[1]: *** [cmTC_ba0a6] Error 1
make[1]: Leaving directory '/home/student/catkin_ws/src/pathdriver/cmake-build-debug/CMakeFiles/CMakeTmp'
Makefile:126: recipe for target 'cmTC_ba0a6/fast' failed
make: *** [cmTC_ba0a6/fast] Error 2


